This is pdfTeX, Version 3.14159265-2.6-1.40.17 (TeX Live 2016) (preloaded format=pdflatex 2017.4.19)  22 JAN 2020 19:26
entering extended mode
 restricted \write18 enabled.
 %&-line parsing enabled.
**write_up.tex
(./write_up.tex
LaTeX2e <2016/03/31>
Babel <3.9r> and hyphenation patterns for 83 language(s) loaded.
(/usr/local/texlive/2016/texmf-dist/tex/latex/jmlr/jmlr.cls
Document Class: jmlr 2015/02/24 v1.21 (NLCT) Journal of Machine Learning Resear
ch
(/usr/local/texlive/2016/texmf-dist/tex/latex/xkeyval/xkeyval.sty
Package: xkeyval 2014/12/03 v2.7a package option processing (HA)

(/usr/local/texlive/2016/texmf-dist/tex/generic/xkeyval/xkeyval.tex
(/usr/local/texlive/2016/texmf-dist/tex/generic/xkeyval/xkvutils.tex
\XKV@toks=\toks14
\XKV@tempa@toks=\toks15

(/usr/local/texlive/2016/texmf-dist/tex/generic/xkeyval/keyval.tex))
\XKV@depth=\count79
File: xkeyval.tex 2014/12/03 v2.7a key=value parser (HA)
))
(/usr/local/texlive/2016/texmf-dist/tex/latex/tools/calc.sty
Package: calc 2014/10/28 v4.3 Infix arithmetic (KKT,FJ)
\calc@Acount=\count80
\calc@Bcount=\count81
\calc@Adimen=\dimen102
\calc@Bdimen=\dimen103
\calc@Askip=\skip41
\calc@Bskip=\skip42
LaTeX Info: Redefining \setlength on input line 80.
LaTeX Info: Redefining \addtolength on input line 81.
\calc@Ccount=\count82
\calc@Cskip=\skip43
)
(/usr/local/texlive/2016/texmf-dist/tex/latex/etoolbox/etoolbox.sty
Package: etoolbox 2015/08/02 v2.2a e-TeX tools for LaTeX (JAW)
\etb@tempcnta=\count83
)
(/usr/local/texlive/2016/texmf-dist/tex/latex/base/article.cls
Document Class: article 2014/09/29 v1.4h Standard LaTeX document class
(/usr/local/texlive/2016/texmf-dist/tex/latex/base/size11.clo
File: size11.clo 2014/09/29 v1.4h Standard LaTeX file (size option)
)
\c@part=\count84
\c@section=\count85
\c@subsection=\count86
\c@subsubsection=\count87
\c@paragraph=\count88
\c@subparagraph=\count89
\c@figure=\count90
\c@table=\count91
\abovecaptionskip=\skip44
\belowcaptionskip=\skip45
\bibindent=\dimen104
)
(/usr/local/texlive/2016/texmf-dist/tex/latex/amsmath/amsmath.sty
Package: amsmath 2016/03/10 v2.15b AMS math features
\@mathmargin=\skip46

For additional information on amsmath, use the `?' option.
(/usr/local/texlive/2016/texmf-dist/tex/latex/amsmath/amstext.sty
Package: amstext 2000/06/29 v2.01 AMS text

(/usr/local/texlive/2016/texmf-dist/tex/latex/amsmath/amsgen.sty
File: amsgen.sty 1999/11/30 v2.0 generic functions
\@emptytoks=\toks16
\ex@=\dimen105
))
(/usr/local/texlive/2016/texmf-dist/tex/latex/amsmath/amsbsy.sty
Package: amsbsy 1999/11/29 v1.2d Bold Symbols
\pmbraise@=\dimen106
)
(/usr/local/texlive/2016/texmf-dist/tex/latex/amsmath/amsopn.sty
Package: amsopn 2016/03/08 v2.02 operator names
)
\inf@bad=\count92
LaTeX Info: Redefining \frac on input line 199.
\uproot@=\count93
\leftroot@=\count94
LaTeX Info: Redefining \overline on input line 297.
\classnum@=\count95
\DOTSCASE@=\count96
LaTeX Info: Redefining \ldots on input line 394.
LaTeX Info: Redefining \dots on input line 397.
LaTeX Info: Redefining \cdots on input line 518.
\Mathstrutbox@=\box26
\strutbox@=\box27
\big@size=\dimen107
LaTeX Font Info:    Redeclaring font encoding OML on input line 634.
LaTeX Font Info:    Redeclaring font encoding OMS on input line 635.
\macc@depth=\count97
\c@MaxMatrixCols=\count98
\dotsspace@=\muskip10
\c@parentequation=\count99
\dspbrk@lvl=\count100
\tag@help=\toks17
\row@=\count101
\column@=\count102
\maxfields@=\count103
\andhelp@=\toks18
\eqnshift@=\dimen108
\alignsep@=\dimen109
\tagshift@=\dimen110
\tagwidth@=\dimen111
\totwidth@=\dimen112
\lineht@=\dimen113
\@envbody=\toks19
\multlinegap=\skip47
\multlinetaggap=\skip48
\mathdisplay@stack=\toks20
LaTeX Info: Redefining \[ on input line 2739.
LaTeX Info: Redefining \] on input line 2740.
)
(/usr/local/texlive/2016/texmf-dist/tex/latex/amsfonts/amssymb.sty
Package: amssymb 2013/01/14 v3.01 AMS font symbols

(/usr/local/texlive/2016/texmf-dist/tex/latex/amsfonts/amsfonts.sty
Package: amsfonts 2013/01/14 v3.01 Basic AMSFonts support
\symAMSa=\mathgroup4
\symAMSb=\mathgroup5
LaTeX Font Info:    Overwriting math alphabet `\mathfrak' in version `bold'
(Font)                  U/euf/m/n --> U/euf/b/n on input line 106.
))
(/usr/local/texlive/2016/texmf-dist/tex/latex/natbib/natbib.sty
Package: natbib 2010/09/13 8.31b (PWD, AO)
\bibhang=\skip49
\bibsep=\skip50
LaTeX Info: Redefining \cite on input line 694.
\c@NAT@ctr=\count104
)
(/usr/local/texlive/2016/texmf-dist/tex/latex/graphics/graphicx.sty
Package: graphicx 2014/10/28 v1.0g Enhanced LaTeX Graphics (DPC,SPQR)

(/usr/local/texlive/2016/texmf-dist/tex/latex/graphics/graphics.sty
Package: graphics 2016/05/09 v1.0r Standard LaTeX Graphics (DPC,SPQR)

(/usr/local/texlive/2016/texmf-dist/tex/latex/graphics/trig.sty
Package: trig 2016/01/03 v1.10 sin cos tan (DPC)
)
(/usr/local/texlive/2016/texmf-dist/tex/latex/graphics-cfg/graphics.cfg
File: graphics.cfg 2016/01/02 v1.10 sample graphics configuration
)
Package graphics Info: Driver file: pdftex.def on input line 96.

(/usr/local/texlive/2016/texmf-dist/tex/latex/pdftex-def/pdftex.def
File: pdftex.def 2011/05/27 v0.06d Graphics/color for pdfTeX

(/usr/local/texlive/2016/texmf-dist/tex/generic/oberdiek/infwarerr.sty
Package: infwarerr 2016/05/16 v1.4 Providing info/warning/error messages (HO)
)
(/usr/local/texlive/2016/texmf-dist/tex/generic/oberdiek/ltxcmds.sty
Package: ltxcmds 2016/05/16 v1.23 LaTeX kernel commands for general use (HO)
)
\Gread@gobject=\count105
))
\Gin@req@height=\dimen114
\Gin@req@width=\dimen115
)
(/usr/local/texlive/2016/texmf-dist/tex/latex/url/url.sty
\Urlmuskip=\muskip11
Package: url 2013/09/16  ver 3.4  Verb mode for urls, etc.
)
(/usr/local/texlive/2016/texmf-dist/tex/latex/xcolor/xcolor.sty
Package: xcolor 2016/05/11 v2.12 LaTeX color extensions (UK)

(/usr/local/texlive/2016/texmf-dist/tex/latex/graphics-cfg/color.cfg
File: color.cfg 2016/01/02 v1.6 sample color configuration
)
Package xcolor Info: Driver file: pdftex.def on input line 225.
Package xcolor Info: Model `cmy' substituted by `cmy0' on input line 1348.
Package xcolor Info: Model `hsb' substituted by `rgb' on input line 1352.
Package xcolor Info: Model `RGB' extended on input line 1364.
Package xcolor Info: Model `HTML' substituted by `rgb' on input line 1366.
Package xcolor Info: Model `Hsb' substituted by `hsb' on input line 1367.
Package xcolor Info: Model `tHsb' substituted by `hsb' on input line 1368.
Package xcolor Info: Model `HSB' substituted by `hsb' on input line 1369.
Package xcolor Info: Model `Gray' substituted by `gray' on input line 1370.
Package xcolor Info: Model `wave' substituted by `hsb' on input line 1371.

(/usr/local/texlive/2016/texmf-dist/tex/latex/xcolor/x11nam.def
File: x11nam.def 2016/05/11 v2.12 Predefined colors according to Unix/X11 (UK)
))
(/usr/local/texlive/2016/texmf-dist/tex/latex/algorithm2e/algorithm2e.sty
Package: algorithm2e 2013/01/06 v5.00 algorithms environments
\c@AlgoLine=\count106

(/usr/local/texlive/2016/texmf-dist/tex/latex/base/ifthen.sty
Package: ifthen 2014/09/29 v1.1c Standard LaTeX ifthen package (DPC)
)
\algocf@hangindent=\skip51

(/usr/local/texlive/2016/texmf-dist/tex/latex/tools/xspace.sty
Package: xspace 2014/10/28 v1.13 Space after command names (DPC,MH)
)
(/usr/local/texlive/2016/texmf-dist/tex/latex/relsize/relsize.sty
Package: relsize 2013/03/29 ver 4.1
)
********************************************************
Package `algorithm2e' Release 5.1 -- october 19 2015 --
- algorithm2e-announce@lirmm.fr mailing list for announcement about releases
- algorithm2e-discussion@lirmm.fr mailing list for discussion about package
subscribe by emailing sympa@lirmm.fr with 'subscribe <list> <firstname name>'
- Author: Christophe Fiorio (christophe.fiorio@umontpellier.fr)
********************************************************
\skiptotal=\skip52
\skiplinenumber=\skip53
\skiprule=\skip54
\skiphlne=\skip55
\skiptext=\skip56
\skiplength=\skip57
\algomargin=\skip58
\skipalgocfslide=\skip59
\algowidth=\dimen116
\inoutsize=\dimen117
\inoutindent=\dimen118
\interspacetitleruled=\dimen119
\interspacealgoruled=\dimen120
\interspacetitleboxruled=\dimen121
\algocf@ruledwidth=\skip60
\algocf@inoutbox=\box28
\algocf@inputbox=\box29
\AlCapSkip=\skip61
\AlCapHSkip=\skip62
\algoskipindent=\skip63
\algocf@nlbox=\box30
\algocf@hangingbox=\box31
\algocf@untilbox=\box32
\algocf@skipuntil=\skip64
\algocf@capbox=\box33
\algoheightruledefault=\skip65
\algoheightrule=\skip66
\algotitleheightruledefault=\skip67
\algotitleheightrule=\skip68
\c@algocfline=\count107
\c@algocfproc=\count108
\c@algocf=\count109
\algocf@algoframe=\box34
\algocf@algobox=\box35
) (/usr/local/texlive/2016/texmf-dist/tex/latex/hyperref/hyperref.sty
Package: hyperref 2016/05/05 v6.83n Hypertext links for LaTeX

(/usr/local/texlive/2016/texmf-dist/tex/generic/oberdiek/hobsub-hyperref.sty
Package: hobsub-hyperref 2016/05/16 v1.14 Bundle oberdiek, subset hyperref (HO)


(/usr/local/texlive/2016/texmf-dist/tex/generic/oberdiek/hobsub-generic.sty
Package: hobsub-generic 2016/05/16 v1.14 Bundle oberdiek, subset generic (HO)
Package: hobsub 2016/05/16 v1.14 Construct package bundles (HO)
Package hobsub Info: Skipping package `infwarerr' (already loaded).
Package hobsub Info: Skipping package `ltxcmds' (already loaded).
Package: ifluatex 2016/05/16 v1.4 Provides the ifluatex switch (HO)
Package ifluatex Info: LuaTeX not detected.
Package: ifvtex 2016/05/16 v1.6 Detect VTeX and its facilities (HO)
Package ifvtex Info: VTeX not detected.
Package: intcalc 2016/05/16 v1.2 Expandable calculations with integers (HO)
Package: ifpdf 2016/05/14 v3.1 Provides the ifpdf switch
Package: etexcmds 2016/05/16 v1.6 Avoid name clashes with e-TeX commands (HO)
Package etexcmds Info: Could not find \expanded.
(etexcmds)             That can mean that you are not using pdfTeX 1.50 or
(etexcmds)             that some package has redefined \expanded.
(etexcmds)             In the latter case, load this package earlier.
Package: kvsetkeys 2016/05/16 v1.17 Key value parser (HO)
Package: kvdefinekeys 2016/05/16 v1.4 Define keys (HO)
Package: pdftexcmds 2016/05/10 v0.21 Utility functions of pdfTeX for LuaTeX (HO
)
Package pdftexcmds Info: LuaTeX not detected.
Package pdftexcmds Info: \pdf@primitive is available.
Package pdftexcmds Info: \pdf@ifprimitive is available.
Package pdftexcmds Info: \pdfdraftmode found.
Package: pdfescape 2016/05/16 v1.14 Implements pdfTeX's escape features (HO)
Package: bigintcalc 2016/05/16 v1.4 Expandable calculations on big integers (HO
)
Package: bitset 2016/05/16 v1.2 Handle bit-vector datatype (HO)
Package: uniquecounter 2016/05/16 v1.3 Provide unlimited unique counter (HO)
)
Package hobsub Info: Skipping package `hobsub' (already loaded).
Package: letltxmacro 2016/05/16 v1.5 Let assignment for LaTeX macros (HO)
Package: hopatch 2016/05/16 v1.3 Wrapper for package hooks (HO)
Package: xcolor-patch 2016/05/16 xcolor patch
Package: atveryend 2016/05/16 v1.9 Hooks at the very end of document (HO)
Package: atbegshi 2016/05/16 v1.17 At begin shipout hook (HO)
Package: refcount 2016/05/16 v3.5 Data extraction from label references (HO)
Package: hycolor 2016/05/16 v1.8 Color options for hyperref/bookmark (HO)
)
(/usr/local/texlive/2016/texmf-dist/tex/generic/ifxetex/ifxetex.sty
Package: ifxetex 2010/09/12 v0.6 Provides ifxetex conditional
)
(/usr/local/texlive/2016/texmf-dist/tex/latex/oberdiek/auxhook.sty
Package: auxhook 2016/05/16 v1.4 Hooks for auxiliary files (HO)
)
(/usr/local/texlive/2016/texmf-dist/tex/latex/oberdiek/kvoptions.sty
Package: kvoptions 2016/05/16 v3.12 Key value format for package options (HO)
)
\@linkdim=\dimen122
\Hy@linkcounter=\count110
\Hy@pagecounter=\count111

(/usr/local/texlive/2016/texmf-dist/tex/latex/hyperref/pd1enc.def
File: pd1enc.def 2016/05/05 v6.83n Hyperref: PDFDocEncoding definition (HO)
)
\Hy@SavedSpaceFactor=\count112

(/usr/local/texlive/2016/texmf-dist/tex/latex/latexconfig/hyperref.cfg
File: hyperref.cfg 2002/06/06 v1.2 hyperref configuration of TeXLive
)
Package hyperref Info: Hyper figures OFF on input line 4446.
Package hyperref Info: Link nesting OFF on input line 4451.
Package hyperref Info: Hyper index ON on input line 4454.
Package hyperref Info: Plain pages OFF on input line 4461.
Package hyperref Info: Backreferencing OFF on input line 4466.
Package hyperref Info: Implicit mode ON; LaTeX internals redefined.
Package hyperref Info: Bookmarks ON on input line 4691.
\c@Hy@tempcnt=\count113
LaTeX Info: Redefining \url on input line 5044.
\XeTeXLinkMargin=\dimen123
\Fld@menulength=\count114
\Field@Width=\dimen124
\Fld@charsize=\dimen125
Package hyperref Info: Hyper figures OFF on input line 6298.
Package hyperref Info: Link nesting OFF on input line 6303.
Package hyperref Info: Hyper index ON on input line 6306.
Package hyperref Info: backreferencing OFF on input line 6313.
Package hyperref Info: Link coloring OFF on input line 6318.
Package hyperref Info: Link coloring with OCG OFF on input line 6323.
Package hyperref Info: PDF/A mode OFF on input line 6328.
LaTeX Info: Redefining \ref on input line 6368.
LaTeX Info: Redefining \pageref on input line 6372.
\Hy@abspage=\count115
\c@Item=\count116
\c@Hfootnote=\count117
)

Package hyperref Message: Driver (autodetected): hpdftex.

(/usr/local/texlive/2016/texmf-dist/tex/latex/hyperref/hpdftex.def
File: hpdftex.def 2016/05/05 v6.83n Hyperref driver for pdfTeX
\Fld@listcount=\count118
\c@bookmark@seq@number=\count119

(/usr/local/texlive/2016/texmf-dist/tex/latex/oberdiek/rerunfilecheck.sty
Package: rerunfilecheck 2016/05/16 v1.8 Rerun checks for auxiliary files (HO)
Package uniquecounter Info: New unique counter `rerunfilecheck' on input line 2
82.
)
\Hy@SectionHShift=\skip69
)
(/usr/local/texlive/2016/texmf-dist/tex/latex/hyperref/nameref.sty
Package: nameref 2012/10/27 v2.43 Cross-referencing by name of section

(/usr/local/texlive/2016/texmf-dist/tex/generic/oberdiek/gettitlestring.sty
Package: gettitlestring 2016/05/16 v1.5 Cleanup title references (HO)
)
\c@section@level=\count120
)
Package hyperref Info: Option `colorlinks' set `true' on input line 142.
Package hyperref Info: Option `linktocpage' set `true' on input line 142.
Package hyperref Info: Option `plainpages' set `false' on input line 142.
\aftertitskip=\skip70
\beforetitskip=\skip71
\interauthorskip=\skip72
\aftermaketitskip=\skip73
\jmlrlength=\skip74
\jmlrbox=\box36
\c@example=\count121
\c@theorem=\count122
\c@subfigure=\count123
\@subfloatcapbox=\box37
\@subfloatcontsbox=\box38
\c@subtable=\count124
\c@chapter=\count125
\postchapterskip=\skip75
\prechapterskip=\skip76
)
(/usr/local/texlive/2016/texmf-dist/tex/latex/tools/longtable.sty
Package: longtable 2014/10/28 v4.11 Multi-page Table package (DPC)
\LTleft=\skip77
\LTright=\skip78
\LTpre=\skip79
\LTpost=\skip80
\LTchunksize=\count126
\LTcapwidth=\dimen126
\LT@head=\box39
\LT@firsthead=\box40
\LT@foot=\box41
\LT@lastfoot=\box42
\LT@cols=\count127
\LT@rows=\count128
\c@LT@tables=\count129
\c@LT@chunks=\count130
\LT@p@ftn=\toks21
)
(/usr/local/texlive/2016/texmf-dist/tex/latex/booktabs/booktabs.sty
Package: booktabs 2016/04/27 v1.618033 publication quality tables
\heavyrulewidth=\dimen127
\lightrulewidth=\dimen128
\cmidrulewidth=\dimen129
\belowrulesep=\dimen130
\belowbottomsep=\dimen131
\aboverulesep=\dimen132
\abovetopsep=\dimen133
\cmidrulesep=\dimen134
\cmidrulekern=\dimen135
\defaultaddspace=\dimen136
\@cmidla=\count131
\@cmidlb=\count132
\@aboverulesep=\dimen137
\@belowrulesep=\dimen138
\@thisruleclass=\count133
\@lastruleclass=\count134
\@thisrulewidth=\dimen139
)
(/usr/local/texlive/2016/texmf-dist/tex/latex/siunitx/siunitx.sty
(/usr/local/texlive/2016/texmf-dist/tex/latex/l3kernel/expl3.sty
Package: expl3 2016/05/18 v6512 L3 programming layer (loader) 

(/usr/local/texlive/2016/texmf-dist/tex/latex/l3kernel/expl3-code.tex
Package: expl3 2016/05/18 v6512 L3 programming layer (code)
L3 Module: l3bootstrap 2016/02/12 v6412 L3 Bootstrap code
L3 Module: l3names 2016/03/11 v6433 L3 Namespace for primitives
L3 Module: l3basics 2015/11/22 v6315 L3 Basic definitions
L3 Module: l3expan 2015/09/10 v5983 L3 Argument expansion
L3 Module: l3tl 2016/03/26 v6465 L3 Token lists
L3 Module: l3str 2016/03/24 v6441 L3 Strings
L3 Module: l3seq 2015/08/05 v5777 L3 Sequences and stacks
L3 Module: l3int 2016/03/24 v6441 L3 Integers
\c_max_int=\count135
\l_tmpa_int=\count136
\l_tmpb_int=\count137
\g_tmpa_int=\count138
\g_tmpb_int=\count139
L3 Module: l3quark 2015/08/17 v5855 L3 Quarks
L3 Module: l3prg 2015/11/01 v6216 L3 Control structures
\g__prg_map_int=\count140
L3 Module: l3clist 2015/09/02 v5901 L3 Comma separated lists
L3 Module: l3token 2016/04/03 v6470 L3 Experimental token manipulation
L3 Module: l3prop 2016/01/05 v6366 L3 Property lists
L3 Module: l3msg 2016/03/26 v6464 L3 Messages
L3 Module: l3file 2016/03/25 v6458 L3 File and I/O operations
\l_iow_line_count_int=\count141
\l__iow_target_count_int=\count142
\l__iow_current_line_int=\count143
\l__iow_current_word_int=\count144
\l__iow_current_indentation_int=\count145
L3 Module: l3skip 2016/01/05 v6366 L3 Dimensions and skips
\c_zero_dim=\dimen140
\c_max_dim=\dimen141
\l_tmpa_dim=\dimen142
\l_tmpb_dim=\dimen143
\g_tmpa_dim=\dimen144
\g_tmpb_dim=\dimen145
\c_zero_skip=\skip81
\c_max_skip=\skip82
\l_tmpa_skip=\skip83
\l_tmpb_skip=\skip84
\g_tmpa_skip=\skip85
\g_tmpb_skip=\skip86
\c_zero_muskip=\muskip12
\c_max_muskip=\muskip13
\l_tmpa_muskip=\muskip14
\l_tmpb_muskip=\muskip15
\g_tmpa_muskip=\muskip16
\g_tmpb_muskip=\muskip17
L3 Module: l3keys 2015/11/17 v6284 L3 Key-value interfaces
\g__keyval_level_int=\count146
\l_keys_choice_int=\count147
L3 Module: l3fp 2016/03/26 v6465 L3 Floating points
\c__fp_leading_shift_int=\count148
\c__fp_middle_shift_int=\count149
\c__fp_trailing_shift_int=\count150
\c__fp_big_leading_shift_int=\count151
\c__fp_big_middle_shift_int=\count152
\c__fp_big_trailing_shift_int=\count153
\c__fp_Bigg_leading_shift_int=\count154
\c__fp_Bigg_middle_shift_int=\count155
\c__fp_Bigg_trailing_shift_int=\count156
L3 Module: l3box 2015/08/09 v5822 L3 Experimental boxes
\c_empty_box=\box43
\l_tmpa_box=\box44
\l_tmpb_box=\box45
\g_tmpa_box=\box46
\g_tmpb_box=\box47
L3 Module: l3coffins 2016/05/17 v6508 L3 Coffin code layer
\l__coffin_internal_box=\box48
\l__coffin_internal_dim=\dimen146
\l__coffin_offset_x_dim=\dimen147
\l__coffin_offset_y_dim=\dimen148
\l__coffin_x_dim=\dimen149
\l__coffin_y_dim=\dimen150
\l__coffin_x_prime_dim=\dimen151
\l__coffin_y_prime_dim=\dimen152
\c_empty_coffin=\box49
\l__coffin_aligned_coffin=\box50
\l__coffin_aligned_internal_coffin=\box51
\l_tmpa_coffin=\box52
\l_tmpb_coffin=\box53
\l__coffin_display_coffin=\box54
\l__coffin_display_coord_coffin=\box55
\l__coffin_display_pole_coffin=\box56
\l__coffin_display_offset_dim=\dimen153
\l__coffin_display_x_dim=\dimen154
\l__coffin_display_y_dim=\dimen155
L3 Module: l3color 2014/08/23 v5354 L3 Experimental color support
L3 Module: l3sys 2015/09/25 v6087 L3 Experimental system/runtime functions
L3 Module: l3candidates 2016/05/13 v6484 L3 Experimental additions to l3kernel
\l__box_top_dim=\dimen156
\l__box_bottom_dim=\dimen157
\l__box_left_dim=\dimen158
\l__box_right_dim=\dimen159
\l__box_top_new_dim=\dimen160
\l__box_bottom_new_dim=\dimen161
\l__box_left_new_dim=\dimen162
\l__box_right_new_dim=\dimen163
\l__box_internal_box=\box57
\l__coffin_bounding_shift_dim=\dimen164
\l__coffin_left_corner_dim=\dimen165
\l__coffin_right_corner_dim=\dimen166
\l__coffin_bottom_corner_dim=\dimen167
\l__coffin_top_corner_dim=\dimen168
\l__coffin_scaled_total_height_dim=\dimen169
\l__coffin_scaled_width_dim=\dimen170
L3 Module: l3luatex 2016/03/26 v6465 L3 Experimental LuaTeX-specific functions
)
(/usr/local/texlive/2016/texmf-dist/tex/latex/l3kernel/l3pdfmode.def
File: l3pdfmode.def 2016/03/26 v6465 L3 Experimental driver: PDF mode
\l__driver_color_stack_int=\count157
\l__driver_tmp_box=\box58
))
(/usr/local/texlive/2016/texmf-dist/tex/latex/l3packages/xparse/xparse.sty
Package: xparse 2016/05/18 v6512 L3 Experimental document command parser
\l__xparse_current_arg_int=\count158
\l__xparse_m_args_int=\count159
\l__xparse_mandatory_args_int=\count160
\l__xparse_processor_int=\count161
\l__xparse_v_nesting_int=\count162
)
Package: siunitx 2016/03/01 v2.6q A comprehensive (SI) units package

(/usr/local/texlive/2016/texmf-dist/tex/latex/tools/array.sty
Package: array 2014/10/28 v2.4c Tabular extension package (FMi)
\col@sep=\dimen171
\extrarowheight=\dimen172
\NC@list=\toks22
\extratabsurround=\skip87
\backup@length=\skip88
)
(/usr/local/texlive/2016/texmf-dist/tex/latex/l3packages/l3keys2e/l3keys2e.sty
Package: l3keys2e 2016/05/18 v6512 LaTeX2e option processing using LaTeX3 keys
)
\l__siunitx_tmp_box=\box59
\l__siunitx_tmp_dim=\dimen173
\l__siunitx_tmp_int=\count163
\l__siunitx_number_mantissa_length_int=\count164
\l__siunitx_number_uncert_length_int=\count165
\l__siunitx_round_int=\count166
\l__siunitx_process_decimal_int=\count167
\l__siunitx_process_uncertainty_int=\count168
\l__siunitx_process_fixed_int=\count169
\l__siunitx_process_integer_min_int=\count170
\l__siunitx_process_precision_int=\count171
\l__siunitx_group_min_int=\count172
\l__siunitx_angle_marker_box=\box60
\l__siunitx_angle_unit_box=\box61
\l__siunitx_angle_marker_dim=\dimen174
\l__siunitx_angle_unit_dim=\dimen175
\l__siunitx_unit_int=\count173
\l__siunitx_unit_denominator_int=\count174
\l__siunitx_unit_numerator_int=\count175
\l__siunitx_unit_prefix_int=\count176
\l__siunitx_unit_prefix_base_int=\count177
\l__siunitx_unit_prefix_gram_int=\count178
\l__siunitx_number_product_int=\count179
\c__siunitx_one_fill_skip=\skip89
\l__siunitx_table_unit_align_skip=\skip90
\l__siunitx_table_exponent_dim=\dimen176
\l__siunitx_table_integer_dim=\dimen177
\l__siunitx_table_mantissa_dim=\dimen178
\l__siunitx_table_marker_dim=\dimen179
\l__siunitx_table_result_dim=\dimen180
\l__siunitx_table_uncert_dim=\dimen181
\l__siunitx_table_fill_pre_dim=\dimen182
\l__siunitx_table_fill_post_dim=\dimen183
\l__siunitx_table_fill_mid_dim=\dimen184
\l__siunitx_table_pre_box=\box62
\l__siunitx_table_post_box=\box63
\l__siunitx_table_mantissa_box=\box64
\l__siunitx_table_result_box=\box65
\l__siunitx_table_number_align_skip=\skip91
\l__siunitx_table_text_align_skip=\skip92
.................................................
. LaTeX info: "xparse/define-command"
. 
. Defining command \DeclareBinaryPrefix with sig. 'mmm' on line 7218.
.................................................
.................................................
. LaTeX info: "xparse/define-command"
. 
. Defining command \DeclareSIPostPower with sig. 'mm' on line 7221.
.................................................
.................................................
. LaTeX info: "xparse/define-command"
. 
. Defining command \DeclareSIPrefix with sig. 'mmm' on line 7224.
.................................................
.................................................
. LaTeX info: "xparse/define-command"
. 
. Defining command \DeclareSIPrePower with sig. 'mm' on line 7227.
.................................................
.................................................
. LaTeX info: "xparse/define-command"
. 
. Defining command \DeclareSIQualifier with sig. 'mm' on line 7230.
.................................................
.................................................
. LaTeX info: "xparse/define-command"
. 
. Defining command \DeclareSIUnit with sig. 'O{}mm' on line 7233.
.................................................
.................................................
. LaTeX info: "xparse/define-command"
. 
. Defining command \DeclareSIUnitWithOptions with sig. 'mmm' on line 7236.
.................................................
.................................................
. LaTeX info: "xparse/define-command"
. 
. Defining command \ang with sig. 'o>{\SplitArgument {2}{;}}m' on line 7251.
.................................................
.................................................
. LaTeX info: "xparse/define-command"
. 
. Defining command \num with sig. 'om' on line 7260.
.................................................
.................................................
. LaTeX info: "xparse/define-command"
. 
. Defining command \numlist with sig. 'o>{\SplitList {;}}m' on line 7269.
.................................................
.................................................
. LaTeX info: "xparse/define-command"
. 
. Defining command \numrange with sig. 'omm' on line 7278.
.................................................
.................................................
. LaTeX info: "xparse/define-command"
. 
. Defining command \SIlist with sig. 'o>{\SplitList {;}}mm' on line 7290.
.................................................
.................................................
. LaTeX info: "xparse/define-command"
. 
. Defining command \SIrange with sig. 'ommm' on line 7302.
.................................................
.................................................
. LaTeX info: "xparse/define-command"
. 
. Defining command \SI with sig. 'omom' on line 7314.
.................................................
.................................................
. LaTeX info: "xparse/define-command"
. 
. Defining command \sisetup with sig. 'm' on line 7317.
.................................................
.................................................
. LaTeX info: "xparse/define-command"
. 
. Defining command \tablenum with sig. 'om' on line 7332.
.................................................
.................................................
. LaTeX info: "xparse/define-command"
. 
. Defining command \si with sig. 'om' on line 7344.
.................................................
.................................................
. LaTeX info: "xparse/define-command"
. 
. Defining command \__siunitx_bookmark_num:w with sig. 'om' on line 7391.
.................................................
.................................................
. LaTeX info: "xparse/define-command"
. 
. Defining command \__siunitx_bookmark_numrange:w with sig. 'omm' on line
. 7393.
.................................................
.................................................
. LaTeX info: "xparse/define-command"
. 
. Defining command \__siunitx_bookmark_SI:w with sig. 'omom' on line 7395.
.................................................
.................................................
. LaTeX info: "xparse/define-command"
. 
. Defining command \__siunitx_bookmark_SIlist:w with sig. 'omm' on line 7397.
.................................................
.................................................
. LaTeX info: "xparse/define-command"
. 
. Defining command \__siunitx_bookmark_SIrange:w with sig. 'ommm' on line
. 7399.
.................................................
.................................................
. LaTeX info: "xparse/define-command"
. 
. Defining command \__siunitx_bookmark_si:w with sig. 'om' on line 7400.
.................................................
\g__file_internal_ior=\read1
(/usr/local/texlive/2016/texmf-dist/tex/latex/beamer/translator/translator.sty
Package: translator 2010/06/12 ver 1.10

(/usr/local/texlive/2016/texmf-dist/tex/latex/beamer/translator/translator-lang
uage-mappings.tex))
(/usr/local/texlive/2016/texmf-dist/tex/latex/siunitx/siunitx-version-1.cfg
File: siunitx-version-1.cfg 2016/03/01 v2.6q siunitx: Version 1 settings
.................................................
. LaTeX info: "xparse/define-command"
. 
. Defining command \newpower with sig. 'omm' on line 633.
.................................................
.................................................
. LaTeX info: "xparse/define-command"
. 
. Defining command \renewpower with sig. 'omm' on line 638.
.................................................
.................................................
. LaTeX info: "xparse/define-command"
. 
. Defining command \providepower with sig. 'omm' on line 643.
.................................................
.................................................
. LaTeX info: "xparse/define-command"
. 
. Defining command \newprefix with sig. 'ommm' on line 648.
.................................................
.................................................
. LaTeX info: "xparse/define-command"
. 
. Defining command \renewprefix with sig. 'ommm' on line 653.
.................................................
.................................................
. LaTeX info: "xparse/define-command"
. 
. Defining command \provideprefix with sig. 'ommm' on line 658.
.................................................
.................................................
. LaTeX info: "xparse/define-command"
. 
. Defining command \newqualifier with sig. 'mm' on line 661.
.................................................
.................................................
. LaTeX info: "xparse/define-command"
. 
. Defining command \requiresiconfigs with sig. 'm' on line 729.
.................................................
))
(/usr/local/texlive/2016/texmf-dist/tex/latex/multirow/multirow.sty
\bigstrutjot=\dimen185
)
(/usr/local/texlive/2016/texmf-dist/tex/latex/appendix/appendix.sty
Package: appendix 2009/09/02 v1.2b extra appendix facilities
\c@@pps=\count180
\c@@ppsavesec=\count181
\c@@ppsaveapp=\count182
)
(./write_up.aux

LaTeX Warning: Label `fig:corr' multiply defined.

)
\openout1 = `write_up.aux'.

LaTeX Font Info:    Checking defaults for OML/cmm/m/it on input line 76.
LaTeX Font Info:    ... okay on input line 76.
LaTeX Font Info:    Checking defaults for T1/cmr/m/n on input line 76.
LaTeX Font Info:    ... okay on input line 76.
LaTeX Font Info:    Checking defaults for OT1/cmr/m/n on input line 76.
LaTeX Font Info:    ... okay on input line 76.
LaTeX Font Info:    Checking defaults for OMS/cmsy/m/n on input line 76.
LaTeX Font Info:    ... okay on input line 76.
LaTeX Font Info:    Checking defaults for OMX/cmex/m/n on input line 76.
LaTeX Font Info:    ... okay on input line 76.
LaTeX Font Info:    Checking defaults for U/cmr/m/n on input line 76.
LaTeX Font Info:    ... okay on input line 76.
LaTeX Font Info:    Checking defaults for PD1/pdf/m/n on input line 76.
LaTeX Font Info:    ... okay on input line 76.
 (/usr/local/texlive/2016/texmf-dist/tex/context/base/mkii/supp-pdf.mkii
[Loading MPS to PDF converter (version 2006.09.02).]
\scratchcounter=\count183
\scratchdimen=\dimen186
\scratchbox=\box66
\nofMPsegments=\count184
\nofMParguments=\count185
\everyMPshowfont=\toks23
\MPscratchCnt=\count186
\MPscratchDim=\dimen187
\MPnumerator=\count187
\makeMPintoPDFobject=\count188
\everyMPtoPDFconversion=\toks24
) (/usr/local/texlive/2016/texmf-dist/tex/latex/oberdiek/epstopdf-base.sty
Package: epstopdf-base 2016/05/15 v2.6 Base part for package epstopdf

(/usr/local/texlive/2016/texmf-dist/tex/latex/oberdiek/grfext.sty
Package: grfext 2016/05/16 v1.2 Manage graphics extensions (HO)
)
Package grfext Info: Graphics extension search list:
(grfext)             [.png,.pdf,.jpg,.mps,.jpeg,.jbig2,.jb2,.PNG,.PDF,.JPG,.JPE
G,.JBIG2,.JB2,.eps]
(grfext)             \AppendGraphicsExtensions on input line 456.

(/usr/local/texlive/2016/texmf-dist/tex/latex/latexconfig/epstopdf-sys.cfg
File: epstopdf-sys.cfg 2010/07/13 v1.3 Configuration of (r)epstopdf for TeX Liv
e
))
\AtBeginShipoutBox=\box67
Package hyperref Info: Link coloring ON on input line 76.
LaTeX Info: Redefining \ref on input line 76.
LaTeX Info: Redefining \pageref on input line 76.
LaTeX Info: Redefining \nameref on input line 76.

(./write_up.out) (./write_up.out)
\@outlinefile=\write3
\openout3 = `write_up.out'.


(/usr/local/texlive/2016/texmf-dist/tex/latex/beamer/translator/dicts/translato
r-basic-dictionary/translator-basic-dictionary-English.dict
Dictionary: translator-basic-dictionary, Language: English 
)
(/usr/local/texlive/2016/texmf-dist/tex/latex/siunitx/siunitx-abbreviations.cfg
File: siunitx-abbreviations.cfg 2016/03/01 v2.6q siunitx: Abbreviated units
)
.................................................
. LaTeX info: "xparse/define-command"
. 
. Defining command \of with sig. '' on line 76.
.................................................
.................................................
. LaTeX info: "xparse/define-command"
. 
. Defining command \highlight with sig. '' on line 76.
.................................................
.................................................
. LaTeX info: "xparse/define-command"
. 
. Defining command \per with sig. '' on line 76.
.................................................
.................................................
. LaTeX info: "xparse/define-command"
. 
. Defining command \raiseto with sig. '' on line 76.
.................................................
.................................................
. LaTeX info: "xparse/define-command"
. 
. Defining command \tothe with sig. '' on line 76.
.................................................
.................................................
. LaTeX info: "xparse/define-command"
. 
. Defining command \kilogram with sig. '' on line 76.
.................................................
.................................................
. LaTeX info: "xparse/define-command"
. 
. Defining command \metre with sig. '' on line 76.
.................................................
.................................................
. LaTeX info: "xparse/define-command"
. 
. Defining command \meter with sig. '' on line 76.
.................................................
.................................................
. LaTeX info: "xparse/define-command"
. 
. Defining command \mole with sig. '' on line 76.
.................................................
.................................................
. LaTeX info: "xparse/define-command"
. 
. Defining command \second with sig. '' on line 76.
.................................................
.................................................
. LaTeX info: "xparse/define-command"
. 
. Defining command \ampere with sig. '' on line 76.
.................................................
.................................................
. LaTeX info: "xparse/define-command"
. 
. Defining command \kelvin with sig. '' on line 76.
.................................................
.................................................
. LaTeX info: "xparse/define-command"
. 
. Defining command \candela with sig. '' on line 76.
.................................................
.................................................
. LaTeX info: "xparse/define-command"
. 
. Defining command \gram with sig. '' on line 76.
.................................................
.................................................
. LaTeX info: "xparse/define-command"
. 
. Defining command \yocto with sig. '' on line 76.
.................................................
.................................................
. LaTeX info: "xparse/define-command"
. 
. Defining command \zepto with sig. '' on line 76.
.................................................
.................................................
. LaTeX info: "xparse/define-command"
. 
. Defining command \atto with sig. '' on line 76.
.................................................
.................................................
. LaTeX info: "xparse/define-command"
. 
. Defining command \femto with sig. '' on line 76.
.................................................
.................................................
. LaTeX info: "xparse/define-command"
. 
. Defining command \pico with sig. '' on line 76.
.................................................
.................................................
. LaTeX info: "xparse/define-command"
. 
. Defining command \nano with sig. '' on line 76.
.................................................
.................................................
. LaTeX info: "xparse/define-command"
. 
. Defining command \micro with sig. '' on line 76.
.................................................
.................................................
. LaTeX info: "xparse/define-command"
. 
. Defining command \milli with sig. '' on line 76.
.................................................
.................................................
. LaTeX info: "xparse/define-command"
. 
. Defining command \centi with sig. '' on line 76.
.................................................
.................................................
. LaTeX info: "xparse/define-command"
. 
. Defining command \deci with sig. '' on line 76.
.................................................
.................................................
. LaTeX info: "xparse/define-command"
. 
. Defining command \deca with sig. '' on line 76.
.................................................
.................................................
. LaTeX info: "xparse/define-command"
. 
. Defining command \deka with sig. '' on line 76.
.................................................
.................................................
. LaTeX info: "xparse/define-command"
. 
. Defining command \hecto with sig. '' on line 76.
.................................................
.................................................
. LaTeX info: "xparse/define-command"
. 
. Defining command \kilo with sig. '' on line 76.
.................................................
.................................................
. LaTeX info: "xparse/define-command"
. 
. Defining command \mega with sig. '' on line 76.
.................................................
.................................................
. LaTeX info: "xparse/define-command"
. 
. Defining command \giga with sig. '' on line 76.
.................................................
.................................................
. LaTeX info: "xparse/define-command"
. 
. Defining command \tera with sig. '' on line 76.
.................................................
.................................................
. LaTeX info: "xparse/define-command"
. 
. Defining command \peta with sig. '' on line 76.
.................................................
.................................................
. LaTeX info: "xparse/define-command"
. 
. Defining command \exa with sig. '' on line 76.
.................................................
.................................................
. LaTeX info: "xparse/define-command"
. 
. Defining command \zetta with sig. '' on line 76.
.................................................
.................................................
. LaTeX info: "xparse/define-command"
. 
. Defining command \yotta with sig. '' on line 76.
.................................................
.................................................
. LaTeX info: "xparse/define-command"
. 
. Defining command \becquerel with sig. '' on line 76.
.................................................
.................................................
. LaTeX info: "xparse/define-command"
. 
. Defining command \celsius with sig. '' on line 76.
.................................................
.................................................
. LaTeX info: "xparse/define-command"
. 
. Defining command \degreeCelsius with sig. '' on line 76.
.................................................
.................................................
. LaTeX info: "xparse/define-command"
. 
. Defining command \coulomb with sig. '' on line 76.
.................................................
.................................................
. LaTeX info: "xparse/define-command"
. 
. Defining command \farad with sig. '' on line 76.
.................................................
.................................................
. LaTeX info: "xparse/define-command"
. 
. Defining command \gray with sig. '' on line 76.
.................................................
.................................................
. LaTeX info: "xparse/define-command"
. 
. Defining command \hertz with sig. '' on line 76.
.................................................
.................................................
. LaTeX info: "xparse/define-command"
. 
. Defining command \henry with sig. '' on line 76.
.................................................
.................................................
. LaTeX info: "xparse/define-command"
. 
. Defining command \joule with sig. '' on line 76.
.................................................
.................................................
. LaTeX info: "xparse/define-command"
. 
. Defining command \katal with sig. '' on line 76.
.................................................
.................................................
. LaTeX info: "xparse/define-command"
. 
. Defining command \lumen with sig. '' on line 76.
.................................................
.................................................
. LaTeX info: "xparse/define-command"
. 
. Defining command \lux with sig. '' on line 76.
.................................................
.................................................
. LaTeX info: "xparse/define-command"
. 
. Defining command \newton with sig. '' on line 76.
.................................................
.................................................
. LaTeX info: "xparse/define-command"
. 
. Defining command \ohm with sig. '' on line 76.
.................................................
.................................................
. LaTeX info: "xparse/define-command"
. 
. Defining command \pascal with sig. '' on line 76.
.................................................
.................................................
. LaTeX info: "xparse/define-command"
. 
. Defining command \radian with sig. '' on line 76.
.................................................
.................................................
. LaTeX info: "xparse/define-command"
. 
. Defining command \siemens with sig. '' on line 76.
.................................................
.................................................
. LaTeX info: "xparse/define-command"
. 
. Defining command \sievert with sig. '' on line 76.
.................................................
.................................................
. LaTeX info: "xparse/define-command"
. 
. Defining command \steradian with sig. '' on line 76.
.................................................
.................................................
. LaTeX info: "xparse/define-command"
. 
. Defining command \tesla with sig. '' on line 76.
.................................................
.................................................
. LaTeX info: "xparse/define-command"
. 
. Defining command \volt with sig. '' on line 76.
.................................................
.................................................
. LaTeX info: "xparse/define-command"
. 
. Defining command \watt with sig. '' on line 76.
.................................................
.................................................
. LaTeX info: "xparse/define-command"
. 
. Defining command \weber with sig. '' on line 76.
.................................................
.................................................
. LaTeX info: "xparse/define-command"
. 
. Defining command \arcmin with sig. '' on line 76.
.................................................
.................................................
. LaTeX info: "xparse/define-command"
. 
. Defining command \arcminute with sig. '' on line 76.
.................................................
.................................................
. LaTeX info: "xparse/define-command"
. 
. Defining command \arcsecond with sig. '' on line 76.
.................................................
.................................................
. LaTeX info: "xparse/define-command"
. 
. Defining command \degree with sig. '' on line 76.
.................................................
.................................................
. LaTeX info: "xparse/define-command"
. 
. Defining command \hectare with sig. '' on line 76.
.................................................
.................................................
. LaTeX info: "xparse/define-command"
. 
. Defining command \hour with sig. '' on line 76.
.................................................
.................................................
. LaTeX info: "xparse/define-command"
. 
. Defining command \litre with sig. '' on line 76.
.................................................
.................................................
. LaTeX info: "xparse/define-command"
. 
. Defining command \liter with sig. '' on line 76.
.................................................
.................................................
. LaTeX info: "xparse/define-command"
. 
. Defining command \minute with sig. '' on line 76.
.................................................
.................................................
. LaTeX info: "xparse/define-command"
. 
. Defining command \percent with sig. '' on line 76.
.................................................
.................................................
. LaTeX info: "xparse/define-command"
. 
. Defining command \tonne with sig. '' on line 76.
.................................................
.................................................
. LaTeX info: "xparse/define-command"
. 
. Defining command \astronomicalunit with sig. '' on line 76.
.................................................
.................................................
. LaTeX info: "xparse/define-command"
. 
. Defining command \atomicmassunit with sig. '' on line 76.
.................................................
.................................................
. LaTeX info: "xparse/define-command"
. 
. Defining command \electronvolt with sig. '' on line 76.
.................................................
.................................................
. LaTeX info: "xparse/define-command"
. 
. Defining command \dalton with sig. '' on line 76.
.................................................
.................................................
. LaTeX info: "xparse/define-command"
. 
. Defining command \clight with sig. '' on line 76.
.................................................
.................................................
. LaTeX info: "xparse/define-command"
. 
. Defining command \electronmass with sig. '' on line 76.
.................................................
.................................................
. LaTeX info: "xparse/define-command"
. 
. Defining command \planckbar with sig. '' on line 76.
.................................................
.................................................
. LaTeX info: "xparse/define-command"
. 
. Defining command \elementarycharge with sig. '' on line 76.
.................................................
.................................................
. LaTeX info: "xparse/define-command"
. 
. Defining command \bohr with sig. '' on line 76.
.................................................
.................................................
. LaTeX info: "xparse/define-command"
. 
. Defining command \hartree with sig. '' on line 76.
.................................................
.................................................
. LaTeX info: "xparse/define-command"
. 
. Defining command \angstrom with sig. '' on line 76.
.................................................
.................................................
. LaTeX info: "xparse/define-command"
. 
. Defining command \barn with sig. '' on line 76.
.................................................
.................................................
. LaTeX info: "xparse/define-command"
. 
. Defining command \bel with sig. '' on line 76.
.................................................
.................................................
. LaTeX info: "xparse/define-command"
. 
. Defining command \decibel with sig. '' on line 76.
.................................................
.................................................
. LaTeX info: "xparse/define-command"
. 
. Defining command \knot with sig. '' on line 76.
.................................................
.................................................
. LaTeX info: "xparse/define-command"
. 
. Defining command \mmHg with sig. '' on line 76.
.................................................
.................................................
. LaTeX info: "xparse/define-command"
. 
. Defining command \nauticalmile with sig. '' on line 76.
.................................................
.................................................
. LaTeX info: "xparse/define-command"
. 
. Defining command \neper with sig. '' on line 76.
.................................................
.................................................
. LaTeX info: "xparse/define-command"
. 
. Defining command \squared with sig. '' on line 76.
.................................................
.................................................
. LaTeX info: "xparse/define-command"
. 
. Defining command \cubic with sig. '' on line 76.
.................................................
.................................................
. LaTeX info: "xparse/define-command"
. 
. Defining command \cubed with sig. '' on line 76.
.................................................
.................................................
. LaTeX info: "xparse/define-command"
. 
. Defining command \Square with sig. '' on line 76.
.................................................
.................................................
. LaTeX info: "xparse/define-command"
. 
. Defining command \ssquare with sig. '' on line 76.
.................................................
.................................................
. LaTeX info: "xparse/define-command"
. 
. Defining command \BAR with sig. '' on line 76.
.................................................
.................................................
. LaTeX info: "xparse/define-command"
. 
. Defining command \bbar with sig. '' on line 76.
.................................................
.................................................
. LaTeX info: "xparse/define-command"
. 
. Defining command \Day with sig. '' on line 76.
.................................................
.................................................
. LaTeX info: "xparse/define-command"
. 
. Defining command \dday with sig. '' on line 76.
.................................................
.................................................
. LaTeX info: "xparse/define-command"
. 
. Defining command \Gray with sig. '' on line 76.
.................................................
.................................................
. LaTeX info: "xparse/define-command"
. 
. Defining command \ggray with sig. '' on line 76.
.................................................
.................................................
. LaTeX info: "xparse/define-command"
. 
. Defining command \atomicmass with sig. '' on line 76.
.................................................
.................................................
. LaTeX info: "xparse/define-command"
. 
. Defining command \arcsec with sig. '' on line 76.
.................................................
.................................................
. LaTeX info: "xparse/define-command"
. 
. Defining command \are with sig. '' on line 76.
.................................................
.................................................
. LaTeX info: "xparse/define-command"
. 
. Defining command \curie with sig. '' on line 76.
.................................................
.................................................
. LaTeX info: "xparse/define-command"
. 
. Defining command \gal with sig. '' on line 76.
.................................................
.................................................
. LaTeX info: "xparse/define-command"
. 
. Defining command \millibar with sig. '' on line 76.
.................................................
.................................................
. LaTeX info: "xparse/define-command"
. 
. Defining command \rad with sig. '' on line 76.
.................................................
.................................................
. LaTeX info: "xparse/define-command"
. 
. Defining command \rem with sig. '' on line 76.
.................................................
.................................................
. LaTeX info: "xparse/define-command"
. 
. Defining command \roentgen with sig. '' on line 76.
.................................................
.................................................
. LaTeX info: "xparse/define-command"
. 
. Defining command \micA with sig. '' on line 76.
.................................................
.................................................
. LaTeX info: "xparse/define-command"
. 
. Defining command \micmol with sig. '' on line 76.
.................................................
.................................................
. LaTeX info: "xparse/define-command"
. 
. Defining command \micl with sig. '' on line 76.
.................................................
.................................................
. LaTeX info: "xparse/define-command"
. 
. Defining command \micL with sig. '' on line 76.
.................................................
.................................................
. LaTeX info: "xparse/define-command"
. 
. Defining command \nanog with sig. '' on line 76.
.................................................
.................................................
. LaTeX info: "xparse/define-command"
. 
. Defining command \micg with sig. '' on line 76.
.................................................
.................................................
. LaTeX info: "xparse/define-command"
. 
. Defining command \picm with sig. '' on line 76.
.................................................
.................................................
. LaTeX info: "xparse/define-command"
. 
. Defining command \micm with sig. '' on line 76.
.................................................
.................................................
. LaTeX info: "xparse/define-command"
. 
. Defining command \Sec with sig. '' on line 76.
.................................................
.................................................
. LaTeX info: "xparse/define-command"
. 
. Defining command \mics with sig. '' on line 76.
.................................................
.................................................
. LaTeX info: "xparse/define-command"
. 
. Defining command \cmc with sig. '' on line 76.
.................................................
.................................................
. LaTeX info: "xparse/define-command"
. 
. Defining command \dmc with sig. '' on line 76.
.................................................
.................................................
. LaTeX info: "xparse/define-command"
. 
. Defining command \cms with sig. '' on line 76.
.................................................
.................................................
. LaTeX info: "xparse/define-command"
. 
. Defining command \centimetrecubed with sig. '' on line 76.
.................................................
.................................................
. LaTeX info: "xparse/define-command"
. 
. Defining command \centimetresquared with sig. '' on line 76.
.................................................
.................................................
. LaTeX info: "xparse/define-command"
. 
. Defining command \cubiccentimetre with sig. '' on line 76.
.................................................
.................................................
. LaTeX info: "xparse/define-command"
. 
. Defining command \cubicdecimetre with sig. '' on line 76.
.................................................
.................................................
. LaTeX info: "xparse/define-command"
. 
. Defining command \squarecentimetre with sig. '' on line 76.
.................................................
.................................................
. LaTeX info: "xparse/define-command"
. 
. Defining command \squaremetre with sig. '' on line 76.
.................................................
.................................................
. LaTeX info: "xparse/define-command"
. 
. Defining command \squarekilometre with sig. '' on line 76.
.................................................
.................................................
. LaTeX info: "xparse/define-command"
. 
. Defining command \parsec with sig. '' on line 76.
.................................................
.................................................
. LaTeX info: "xparse/define-command"
. 
. Defining command \lightyear with sig. '' on line 76.
.................................................
.................................................
. LaTeX info: "xparse/define-command"
. 
. Defining command \gmol with sig. '' on line 76.
.................................................
.................................................
. LaTeX info: "xparse/define-command"
. 
. Defining command \kgmol with sig. '' on line 76.
.................................................
.................................................
. LaTeX info: "xparse/define-command"
. 
. Defining command \lbmol with sig. '' on line 76.
.................................................
.................................................
. LaTeX info: "xparse/define-command"
. 
. Defining command \molar with sig. '' on line 76.
.................................................
.................................................
. LaTeX info: "xparse/define-command"
. 
. Defining command \Molar with sig. '' on line 76.
.................................................
.................................................
. LaTeX info: "xparse/define-command"
. 
. Defining command \torr with sig. '' on line 76.
.................................................
.................................................
. LaTeX info: "xparse/define-command"
. 
. Defining command \gon with sig. '' on line 76.
.................................................
.................................................
. LaTeX info: "xparse/define-command"
. 
. Defining command \micron with sig. '' on line 76.
.................................................
.................................................
. LaTeX info: "xparse/define-command"
. 
. Defining command \mrad with sig. '' on line 76.
.................................................
.................................................
. LaTeX info: "xparse/define-command"
. 
. Defining command \gauss with sig. '' on line 76.
.................................................
.................................................
. LaTeX info: "xparse/define-command"
. 
. Defining command \eVperc with sig. '' on line 76.
.................................................
.................................................
. LaTeX info: "xparse/define-command"
. 
. Defining command \nanobarn with sig. '' on line 76.
.................................................
.................................................
. LaTeX info: "xparse/define-command"
. 
. Defining command \picobarn with sig. '' on line 76.
.................................................
.................................................
. LaTeX info: "xparse/define-command"
. 
. Defining command \femtobarn with sig. '' on line 76.
.................................................
.................................................
. LaTeX info: "xparse/define-command"
. 
. Defining command \attobarn with sig. '' on line 76.
.................................................
.................................................
. LaTeX info: "xparse/define-command"
. 
. Defining command \zeptobarn with sig. '' on line 76.
.................................................
.................................................
. LaTeX info: "xparse/define-command"
. 
. Defining command \yoctobarn with sig. '' on line 76.
.................................................
.................................................
. LaTeX info: "xparse/define-command"
. 
. Defining command \nb with sig. '' on line 76.
.................................................
.................................................
. LaTeX info: "xparse/define-command"
. 
. Defining command \pb with sig. '' on line 76.
.................................................
.................................................
. LaTeX info: "xparse/define-command"
. 
. Defining command \fb with sig. '' on line 76.
.................................................
.................................................
. LaTeX info: "xparse/define-command"
. 
. Defining command \ab with sig. '' on line 76.
.................................................
.................................................
. LaTeX info: "xparse/define-command"
. 
. Defining command \zb with sig. '' on line 76.
.................................................
.................................................
. LaTeX info: "xparse/define-command"
. 
. Defining command \yb with sig. '' on line 76.
.................................................
.................................................
. LaTeX info: "xparse/define-command"
. 
. Defining command \A with sig. '' on line 76.
.................................................
.................................................
. LaTeX info: "xparse/define-command"
. 
. Defining command \pA with sig. '' on line 76.
.................................................
.................................................
. LaTeX info: "xparse/define-command"
. 
. Defining command \nA with sig. '' on line 76.
.................................................
.................................................
. LaTeX info: "xparse/define-command"
. 
. Defining command \uA with sig. '' on line 76.
.................................................
.................................................
. LaTeX info: "xparse/define-command"
. 
. Defining command \mA with sig. '' on line 76.
.................................................
.................................................
. LaTeX info: "xparse/define-command"
. 
. Defining command \kA with sig. '' on line 76.
.................................................
.................................................
. LaTeX info: "xparse/define-command"
. 
. Defining command \Hz with sig. '' on line 76.
.................................................
.................................................
. LaTeX info: "xparse/define-command"
. 
. Defining command \mHz with sig. '' on line 76.
.................................................
.................................................
. LaTeX info: "xparse/define-command"
. 
. Defining command \kHz with sig. '' on line 76.
.................................................
.................................................
. LaTeX info: "xparse/define-command"
. 
. Defining command \MHz with sig. '' on line 76.
.................................................
.................................................
. LaTeX info: "xparse/define-command"
. 
. Defining command \GHz with sig. '' on line 76.
.................................................
.................................................
. LaTeX info: "xparse/define-command"
. 
. Defining command \THz with sig. '' on line 76.
.................................................
.................................................
. LaTeX info: "xparse/define-command"
. 
. Defining command \mol with sig. '' on line 76.
.................................................
.................................................
. LaTeX info: "xparse/define-command"
. 
. Defining command \fmol with sig. '' on line 76.
.................................................
.................................................
. LaTeX info: "xparse/define-command"
. 
. Defining command \pmol with sig. '' on line 76.
.................................................
.................................................
. LaTeX info: "xparse/define-command"
. 
. Defining command \nmol with sig. '' on line 76.
.................................................
.................................................
. LaTeX info: "xparse/define-command"
. 
. Defining command \umol with sig. '' on line 76.
.................................................
.................................................
. LaTeX info: "xparse/define-command"
. 
. Defining command \mmol with sig. '' on line 76.
.................................................
.................................................
. LaTeX info: "xparse/define-command"
. 
. Defining command \kmol with sig. '' on line 76.
.................................................
.................................................
. LaTeX info: "xparse/define-command"
. 
. Defining command \V with sig. '' on line 76.
.................................................
.................................................
. LaTeX info: "xparse/define-command"
. 
. Defining command \pV with sig. '' on line 76.
.................................................
.................................................
. LaTeX info: "xparse/define-command"
. 
. Defining command \nV with sig. '' on line 76.
.................................................
.................................................
. LaTeX info: "xparse/define-command"
. 
. Defining command \uV with sig. '' on line 76.
.................................................
.................................................
. LaTeX info: "xparse/define-command"
. 
. Defining command \mV with sig. '' on line 76.
.................................................
.................................................
. LaTeX info: "xparse/define-command"
. 
. Defining command \kV with sig. '' on line 76.
.................................................
.................................................
. LaTeX info: "xparse/define-command"
. 
. Defining command \hl with sig. '' on line 76.
.................................................
.................................................
. LaTeX info: "xparse/define-command"
. 
. Defining command \ml with sig. '' on line 76.
.................................................
.................................................
. LaTeX info: "xparse/define-command"
. 
. Defining command \ul with sig. '' on line 76.
.................................................
.................................................
. LaTeX info: "xparse/define-command"
. 
. Defining command \hL with sig. '' on line 76.
.................................................
.................................................
. LaTeX info: "xparse/define-command"
. 
. Defining command \mL with sig. '' on line 76.
.................................................
.................................................
. LaTeX info: "xparse/define-command"
. 
. Defining command \uL with sig. '' on line 76.
.................................................
.................................................
. LaTeX info: "xparse/define-command"
. 
. Defining command \fg with sig. '' on line 76.
.................................................
.................................................
. LaTeX info: "xparse/define-command"
. 
. Defining command \pg with sig. '' on line 76.
.................................................
.................................................
. LaTeX info: "xparse/define-command"
. 
. Defining command \ug with sig. '' on line 76.
.................................................
.................................................
. LaTeX info: "xparse/define-command"
. 
. Defining command \mg with sig. '' on line 76.
.................................................
.................................................
. LaTeX info: "xparse/define-command"
. 
. Defining command \g with sig. '' on line 76.
.................................................
.................................................
. LaTeX info: "xparse/define-command"
. 
. Defining command \kg with sig. '' on line 76.
.................................................
.................................................
. LaTeX info: "xparse/define-command"
. 
. Defining command \amu with sig. '' on line 76.
.................................................
.................................................
. LaTeX info: "xparse/define-command"
. 
. Defining command \W with sig. '' on line 76.
.................................................
.................................................
. LaTeX info: "xparse/define-command"
. 
. Defining command \uW with sig. '' on line 76.
.................................................
.................................................
. LaTeX info: "xparse/define-command"
. 
. Defining command \mW with sig. '' on line 76.
.................................................
.................................................
. LaTeX info: "xparse/define-command"
. 
. Defining command \kW with sig. '' on line 76.
.................................................
.................................................
. LaTeX info: "xparse/define-command"
. 
. Defining command \MW with sig. '' on line 76.
.................................................
.................................................
. LaTeX info: "xparse/define-command"
. 
. Defining command \GW with sig. '' on line 76.
.................................................
.................................................
. LaTeX info: "xparse/define-command"
. 
. Defining command \J with sig. '' on line 76.
.................................................
.................................................
. LaTeX info: "xparse/define-command"
. 
. Defining command \kJ with sig. '' on line 76.
.................................................
.................................................
. LaTeX info: "xparse/define-command"
. 
. Defining command \eV with sig. '' on line 76.
.................................................
.................................................
. LaTeX info: "xparse/define-command"
. 
. Defining command \meV with sig. '' on line 76.
.................................................
.................................................
. LaTeX info: "xparse/define-command"
. 
. Defining command \keV with sig. '' on line 76.
.................................................
.................................................
. LaTeX info: "xparse/define-command"
. 
. Defining command \MeV with sig. '' on line 76.
.................................................
.................................................
. LaTeX info: "xparse/define-command"
. 
. Defining command \GeV with sig. '' on line 76.
.................................................
.................................................
. LaTeX info: "xparse/define-command"
. 
. Defining command \TeV with sig. '' on line 76.
.................................................
.................................................
. LaTeX info: "xparse/define-command"
. 
. Defining command \kWh with sig. '' on line 76.
.................................................
.................................................
. LaTeX info: "xparse/define-command"
. 
. Defining command \m with sig. '' on line 76.
.................................................
.................................................
. LaTeX info: "xparse/define-command"
. 
. Defining command \nm with sig. '' on line 76.
.................................................
.................................................
. LaTeX info: "xparse/define-command"
. 
. Defining command \um with sig. '' on line 76.
.................................................
.................................................
. LaTeX info: "xparse/define-command"
. 
. Defining command \mm with sig. '' on line 76.
.................................................
.................................................
. LaTeX info: "xparse/define-command"
. 
. Defining command \cm with sig. '' on line 76.
.................................................
.................................................
. LaTeX info: "xparse/define-command"
. 
. Defining command \dm with sig. '' on line 76.
.................................................
.................................................
. LaTeX info: "xparse/define-command"
. 
. Defining command \km with sig. '' on line 76.
.................................................
.................................................
. LaTeX info: "xparse/define-command"
. 
. Defining command \K with sig. '' on line 76.
.................................................
.................................................
. LaTeX info: "xparse/define-command"
. 
. Defining command \dB with sig. '' on line 76.
.................................................
.................................................
. LaTeX info: "xparse/define-command"
. 
. Defining command \F with sig. '' on line 76.
.................................................
.................................................
. LaTeX info: "xparse/define-command"
. 
. Defining command \fF with sig. '' on line 76.
.................................................
.................................................
. LaTeX info: "xparse/define-command"
. 
. Defining command \pF with sig. '' on line 76.
.................................................
.................................................
. LaTeX info: "xparse/define-command"
. 
. Defining command \N with sig. '' on line 76.
.................................................
.................................................
. LaTeX info: "xparse/define-command"
. 
. Defining command \mN with sig. '' on line 76.
.................................................
.................................................
. LaTeX info: "xparse/define-command"
. 
. Defining command \kN with sig. '' on line 76.
.................................................
.................................................
. LaTeX info: "xparse/define-command"
. 
. Defining command \MN with sig. '' on line 76.
.................................................
.................................................
. LaTeX info: "xparse/define-command"
. 
. Defining command \Pa with sig. '' on line 76.
.................................................
.................................................
. LaTeX info: "xparse/define-command"
. 
. Defining command \kPa with sig. '' on line 76.
.................................................
.................................................
. LaTeX info: "xparse/define-command"
. 
. Defining command \MPa with sig. '' on line 76.
.................................................
.................................................
. LaTeX info: "xparse/define-command"
. 
. Defining command \GPa with sig. '' on line 76.
.................................................
.................................................
. LaTeX info: "xparse/define-command"
. 
. Defining command \mohm with sig. '' on line 76.
.................................................
.................................................
. LaTeX info: "xparse/define-command"
. 
. Defining command \kohm with sig. '' on line 76.
.................................................
.................................................
. LaTeX info: "xparse/define-command"
. 
. Defining command \Mohm with sig. '' on line 76.
.................................................
.................................................
. LaTeX info: "xparse/define-command"
. 
. Defining command \s with sig. '' on line 76.
.................................................
.................................................
. LaTeX info: "xparse/define-command"
. 
. Defining command \as with sig. '' on line 76.
.................................................
.................................................
. LaTeX info: "xparse/define-command"
. 
. Defining command \fs with sig. '' on line 76.
.................................................
.................................................
. LaTeX info: "xparse/define-command"
. 
. Defining command \ps with sig. '' on line 76.
.................................................
.................................................
. LaTeX info: "xparse/define-command"
. 
. Defining command \ns with sig. '' on line 76.
.................................................
.................................................
. LaTeX info: "xparse/define-command"
. 
. Defining command \us with sig. '' on line 76.
.................................................
.................................................
. LaTeX info: "xparse/define-command"
. 
. Defining command \ms with sig. '' on line 76.
.................................................
\c__siunitx_mathsf_int=\count189
LaTeX Font Info:    Try loading font information for U+msa on input line 76.
 (/usr/local/texlive/2016/texmf-dist/tex/latex/amsfonts/umsa.fd
File: umsa.fd 2013/01/14 v3.01 AMS symbols A
)
LaTeX Font Info:    Try loading font information for U+msb on input line 76.

(/usr/local/texlive/2016/texmf-dist/tex/latex/amsfonts/umsb.fd
File: umsb.fd 2013/01/14 v3.01 AMS symbols B
)
\c__siunitx_mathtt_int=\count190
LaTeX Font Info:    Try loading font information for OMS+cmr on input line 78.

(/usr/local/texlive/2016/texmf-dist/tex/latex/base/omscmr.fd
File: omscmr.fd 2014/09/29 v2.5h Standard LaTeX font definitions
)
LaTeX Font Info:    Font shape `OMS/cmr/m/n' in size <8> not available
(Font)              Font shape `OMS/cmsy/m/n' tried instead on input line 78.
 [1{/usr/local/texlive/2016/texmf-var/fonts/map/pdftex/updmap/pdftex.map}

] [2]

LaTeX Warning: Reference `fig:results' on page 3 undefined on input line 144.

[3]
LaTeX Font Info:    Font shape `OMS/cmr/m/n' in size <10.95> not available
(Font)              Font shape `OMS/cmsy/m/n' tried instead on input line 147.
 [4] <pcb_corr.jpeg, id=108, 481.8pt x 481.8pt>
File: pcb_corr.jpeg Graphic file (type jpg)
 <use pcb_corr.jpeg>
Package pdftex.def Info: pcb_corr.jpeg used on input line 178.
(pdftex.def)             Requested size: 346.89731pt x 346.90308pt.

<results.jpeg, id=109, 528.2937pt x 305.4612pt>
File: results.jpeg Graphic file (type jpg)
 <use results.jpeg>
Package pdftex.def Info: results.jpeg used on input line 206.
(pdftex.def)             Requested size: 346.89731pt x 200.57959pt.
 [5 <./pcb_corr.jpeg>] [6 <./results.jpeg>]
<Surrogate_residuals.png, id=122, 616.3025pt x 436.63126pt>
File: Surrogate_residuals.png Graphic file (type png)

<use Surrogate_residuals.png>
Package pdftex.def Info: Surrogate_residuals.png used on input line 240.
(pdftex.def)             Requested size: 303.53267pt x 215.04382pt.
 <qqplot.png, id=124, 616.3025pt x 436.63126pt>
File: qqplot.png Graphic file (type png)

<use qqplot.png>
Package pdftex.def Info: qqplot.png used on input line 247.
(pdftex.def)             Requested size: 303.53267pt x 215.04382pt.
Package atveryend Info: Empty hook `BeforeClearDocument' on input line 255.
 [7 <./Surrogate_residuals.png>] [8 <./qqplot.png>]
Package atveryend Info: Empty hook `AfterLastShipout' on input line 255.

(./write_up.aux)
Package atveryend Info: Executing hook `AtVeryEndDocument' on input line 255.
Package atveryend Info: Executing hook `AtEndAfterFileList' on input line 255.
Package rerunfilecheck Info: File `write_up.out' has not changed.
(rerunfilecheck)             Checksum: F46A99E9982BF87B2521AEF2217CECCD;879.


LaTeX Warning: There were undefined references.


LaTeX Warning: There were multiply-defined labels.

 )
(\end occurred inside a group at level 1)

### simple group (level 1) entered at line 1061 ({)
### bottom level 
Here is how much of TeX's memory you used:
 19721 strings out of 493014
 374038 string characters out of 6133351
 511938 words of memory out of 5000000
 23050 multiletter control sequences out of 15000+600000
 11517 words of font info for 44 fonts, out of 8000000 for 9000
 1141 hyphenation exceptions out of 8191
 39i,13n,50p,10359b,11628s stack positions out of 5000i,500n,10000p,200000b,80000s
</usr/local/texlive/2016/texmf-dist/fonts/type1/public/amsfonts
/cm/cmbx10.pfb></usr/local/texlive/2016/texmf-dist/fonts/type1/public/amsfonts/
cm/cmbx12.pfb></usr/local/texlive/2016/texmf-dist/fonts/type1/public/amsfonts/c
m/cmcsc10.pfb></usr/local/texlive/2016/texmf-dist/fonts/type1/public/amsfonts/c
m/cmex10.pfb></usr/local/texlive/2016/texmf-dist/fonts/type1/public/amsfonts/cm
/cmmi10.pfb></usr/local/texlive/2016/texmf-dist/fonts/type1/public/amsfonts/cm/
cmmi8.pfb></usr/local/texlive/2016/texmf-dist/fonts/type1/public/amsfonts/cm/cm
r10.pfb></usr/local/texlive/2016/texmf-dist/fonts/type1/public/amsfonts/cm/cmr8
.pfb></usr/local/texlive/2016/texmf-dist/fonts/type1/public/amsfonts/cm/cmr9.pf
b></usr/local/texlive/2016/texmf-dist/fonts/type1/public/amsfonts/cm/cmsy10.pfb
></usr/local/texlive/2016/texmf-dist/fonts/type1/public/amsfonts/cm/cmsy8.pfb>
Output written on write_up.pdf (8 pages, 505550 bytes).
PDF statistics:
 191 PDF objects out of 1000 (max. 8388607)
 162 compressed objects within 2 object streams
 41 named destinations out of 1000 (max. 500000)
 133 words of extra memory for PDF output out of 10000 (max. 10000000)

